<?xml version="1.0" encoding="UTF-8"?>
<!-- Generated by org.testng.reporters.JUnitReportReporter -->
<testsuite skipped="0" hostname="maa" name="com.citrix.elearng.WelcomeTest" tests="1" failures="0" timestamp="21 Mar 2018 13:02:11 GMT" time="7.660" errors="0">
  <testcase name="navigateToMenu" time="7.660" classname="com.citrix.elearng.WelcomeTest"/>
</testsuite> <!-- com.citrix.elearng.WelcomeTest -->
