<?xml version="1.0" encoding="UTF-8"?>
<!-- Generated by org.testng.reporters.JUnitReportReporter -->
<testsuite skipped="0" hostname="path-PC" name="com.citrix.elearng.BaseTest" tests="1" failures="0" timestamp="17 Mar 2018 11:46:57 GMT" time="0.025" errors="0">
  <testcase name="loadConfigurationFile" time="0.025" classname="com.citrix.elearng.BaseTest"/>
</testsuite> <!-- com.citrix.elearng.BaseTest -->
